build/app/intermediates/manifest_merge_blame_file/release/manifest-merger-blame-release-report.txt
1<?xml version="1.0" encoding="utf-8"?>
2<manifest xmlns:android="http://schemas.android.com/apk/res/android"
3    package="com.producer.suezproduction"
4    android:versionCode="36"
5    android:versionName="3.0" >
6
7    <uses-sdk
8        android:minSdkVersion="21"
8-->src\main\AndroidManifest.xml
9        android:targetSdkVersion="34" />
9-->src\main\AndroidManifest.xml
10
11    <uses-permission android:name="android.permission.USE_BIOMETRIC" />
11-->src\main\AndroidManifest.xml:3:5-72
11-->src\main\AndroidManifest.xml:3:22-69
12    <uses-permission android:name="android.permission.USE_FINGERPRINT" />
12-->src\main\AndroidManifest.xml:4:5-74
12-->src\main\AndroidManifest.xml:4:22-71
13    <uses-permission android:name="android.permission.INTERNET" />
13-->src\main\AndroidManifest.xml:5:5-67
13-->src\main\AndroidManifest.xml:5:22-64
14    <uses-permission android:name="android.permission.WAKE_LOCK" />
14-->[:firebase_messaging] AndroidManifest.xml:10:5-68
14-->[:firebase_messaging] AndroidManifest.xml:10:22-65
15    <uses-permission android:name="android.permission.ACCESS_NETWORK_STATE" /> <!-- Permissions options for the `notification` group -->
15-->[:firebase_messaging] AndroidManifest.xml:11:5-79
15-->[:firebase_messaging] AndroidManifest.xml:11:22-76
16    <uses-permission android:name="android.permission.POST_NOTIFICATIONS" />
16-->[:firebase_messaging] AndroidManifest.xml:13:5-77
16-->[:firebase_messaging] AndroidManifest.xml:13:22-74
17    <uses-permission android:name="android.permission.READ_EXTERNAL_STORAGE" />
17-->[:file_picker] AndroidManifest.xml:9:5-80
17-->[:file_picker] AndroidManifest.xml:9:22-77
18
19    <queries>
19-->[:file_picker] AndroidManifest.xml:11:5-17:15
20        <intent>
20-->[:file_picker] AndroidManifest.xml:12:9-16:18
21            <action android:name="android.intent.action.GET_CONTENT" />
21-->[:file_picker] AndroidManifest.xml:13:13-72
21-->[:file_picker] AndroidManifest.xml:13:21-69
22
23            <data android:mimeType="*/*" />
23-->[:file_picker] AndroidManifest.xml:15:13-44
23-->[:file_picker] AndroidManifest.xml:15:19-41
24        </intent>
25        <intent>
25-->[:flutter_inappwebview] AndroidManifest.xml:10:9-12:18
26            <action android:name="android.support.customtabs.action.CustomTabsService" />
26-->[:flutter_inappwebview] AndroidManifest.xml:11:13-90
26-->[:flutter_inappwebview] AndroidManifest.xml:11:21-87
27        </intent>
28
29        <package android:name="com.facebook.katana" /> <!-- Needs to be explicitly declared on Android R+ -->
29-->[com.facebook.android:facebook-common:16.3.0] AndroidManifest.xml:18:9-55
29-->[com.facebook.android:facebook-common:16.3.0] AndroidManifest.xml:18:18-52
30        <package android:name="com.google.android.apps.maps" />
30-->[com.google.android.gms:play-services-maps:18.2.0] AndroidManifest.xml:33:9-64
30-->[com.google.android.gms:play-services-maps:18.2.0] AndroidManifest.xml:33:18-61
31    </queries>
32
33    <uses-permission android:name="android.permission.CAMERA" />
33-->[:scan] AndroidManifest.xml:11:5-65
33-->[:scan] AndroidManifest.xml:11:22-62
34    <uses-permission android:name="android.permission.VIBRATE" />
34-->[:scan] AndroidManifest.xml:12:5-66
34-->[:scan] AndroidManifest.xml:12:22-63
35    <uses-permission android:name="android.permission.CALL_PHONE" />
35-->[:flutter_phone_direct_caller] AndroidManifest.xml:9:5-69
35-->[:flutter_phone_direct_caller] AndroidManifest.xml:9:22-66
36
37    <uses-feature
37-->[:flutter_phone_direct_caller] AndroidManifest.xml:11:5-13:36
38        android:name="android.hardware.telephony"
38-->[:flutter_phone_direct_caller] AndroidManifest.xml:12:9-50
39        android:required="false" /> <!-- Required by older versions of Google Play services to create IID tokens -->
39-->[:flutter_phone_direct_caller] AndroidManifest.xml:13:9-33
40    <uses-permission android:name="com.google.android.c2dm.permission.RECEIVE" />
40-->[com.google.firebase:firebase-messaging:23.4.1] AndroidManifest.xml:26:5-82
40-->[com.google.firebase:firebase-messaging:23.4.1] AndroidManifest.xml:26:22-79
41
42    <uses-feature
42-->[com.google.android.gms:play-services-maps:18.2.0] AndroidManifest.xml:26:5-28:35
43        android:glEsVersion="0x00020000"
43-->[com.google.android.gms:play-services-maps:18.2.0] AndroidManifest.xml:27:9-41
44        android:required="true" />
44-->[com.google.android.gms:play-services-maps:18.2.0] AndroidManifest.xml:28:9-32
45
46    <uses-permission android:name="com.google.android.providers.gsf.permission.READ_GSERVICES" />
46-->[com.google.android.recaptcha:recaptcha:18.4.0] AndroidManifest.xml:9:5-98
46-->[com.google.android.recaptcha:recaptcha:18.4.0] AndroidManifest.xml:9:22-95
47    <uses-permission android:name="com.google.android.gms.permission.AD_ID" />
47-->[com.facebook.android:facebook-core:16.3.0] AndroidManifest.xml:16:5-79
47-->[com.facebook.android:facebook-core:16.3.0] AndroidManifest.xml:16:22-76
48
49    <permission
49-->[androidx.core:core:1.10.1] AndroidManifest.xml:22:5-24:47
50        android:name="com.producer.suezproduction.DYNAMIC_RECEIVER_NOT_EXPORTED_PERMISSION"
50-->[androidx.core:core:1.10.1] AndroidManifest.xml:23:9-81
51        android:protectionLevel="signature" />
51-->[androidx.core:core:1.10.1] AndroidManifest.xml:24:9-44
52
53    <uses-permission android:name="com.producer.suezproduction.DYNAMIC_RECEIVER_NOT_EXPORTED_PERMISSION" /> <!-- Don't require camera, as this requires a rear camera. This allows it to work on the Nexus 7 -->
53-->[androidx.core:core:1.10.1] AndroidManifest.xml:26:5-97
53-->[androidx.core:core:1.10.1] AndroidManifest.xml:26:22-94
54    <uses-feature
54-->[com.journeyapps:zxing-android-embedded:4.3.0] AndroidManifest.xml:25:5-27:36
55        android:name="android.hardware.camera"
55-->[com.journeyapps:zxing-android-embedded:4.3.0] AndroidManifest.xml:26:9-47
56        android:required="false" />
56-->[com.journeyapps:zxing-android-embedded:4.3.0] AndroidManifest.xml:27:9-33
57    <uses-feature
57-->[com.journeyapps:zxing-android-embedded:4.3.0] AndroidManifest.xml:28:5-30:36
58        android:name="android.hardware.camera.front"
58-->[com.journeyapps:zxing-android-embedded:4.3.0] AndroidManifest.xml:29:9-53
59        android:required="false" /> <!-- TODO replace above two with next line after Android 4.2 -->
59-->[com.journeyapps:zxing-android-embedded:4.3.0] AndroidManifest.xml:30:9-33
60    <!-- <uses-feature android:name="android.hardware.camera.any"/> -->
61    <uses-feature
61-->[com.journeyapps:zxing-android-embedded:4.3.0] AndroidManifest.xml:33:5-35:36
62        android:name="android.hardware.camera.autofocus"
62-->[com.journeyapps:zxing-android-embedded:4.3.0] AndroidManifest.xml:34:9-57
63        android:required="false" />
63-->[com.journeyapps:zxing-android-embedded:4.3.0] AndroidManifest.xml:35:9-33
64    <uses-feature
64-->[com.journeyapps:zxing-android-embedded:4.3.0] AndroidManifest.xml:36:5-38:36
65        android:name="android.hardware.camera.flash"
65-->[com.journeyapps:zxing-android-embedded:4.3.0] AndroidManifest.xml:37:9-53
66        android:required="false" />
66-->[com.journeyapps:zxing-android-embedded:4.3.0] AndroidManifest.xml:38:9-33
67    <uses-feature
67-->[com.journeyapps:zxing-android-embedded:4.3.0] AndroidManifest.xml:39:5-41:36
68        android:name="android.hardware.screen.landscape"
68-->[com.journeyapps:zxing-android-embedded:4.3.0] AndroidManifest.xml:40:9-57
69        android:required="false" />
69-->[com.journeyapps:zxing-android-embedded:4.3.0] AndroidManifest.xml:41:9-33
70    <uses-feature
70-->[com.journeyapps:zxing-android-embedded:4.3.0] AndroidManifest.xml:42:5-44:36
71        android:name="android.hardware.wifi"
71-->[com.journeyapps:zxing-android-embedded:4.3.0] AndroidManifest.xml:43:9-45
72        android:required="false" />
72-->[com.journeyapps:zxing-android-embedded:4.3.0] AndroidManifest.xml:44:9-33
73
74    <uses-permission android:name="com.google.android.finsky.permission.BIND_GET_INSTALL_REFERRER_SERVICE" />
74-->[com.android.installreferrer:installreferrer:1.0] AndroidManifest.xml:9:5-110
74-->[com.android.installreferrer:installreferrer:1.0] AndroidManifest.xml:9:22-107
75
76    <application
77        android:name="android.app.Application"
77-->src\main\AndroidManifest.xml:10:9-42
78        android:appComponentFactory="androidx.core.app.CoreComponentFactory"
78-->[androidx.core:core:1.10.1] AndroidManifest.xml:28:18-86
79        android:icon="@mipmap/ic_launcher"
79-->src\main\AndroidManifest.xml:11:9-43
80        android:label="@string/appName"
80-->src\main\AndroidManifest.xml:9:9-40
81        android:supportsRtl="true" >
81-->[com.facebook.android:facebook-login:16.3.0] AndroidManifest.xml:16:18-44
82        <meta-data
82-->src\main\AndroidManifest.xml:12:9-13:70
83            android:name="com.google.android.geo.API_KEY"
83-->src\main\AndroidManifest.xml:12:20-65
84            android:value="AIzaSyBfgkpWqE-PwAreR56sZTTtYl0dvus4j8I" />
84-->src\main\AndroidManifest.xml:13:13-68
85
86        <activity
86-->src\main\AndroidManifest.xml:14:9-35:20
87            android:name="com.producer.suezproduction.MainActivity"
87-->src\main\AndroidManifest.xml:15:13-41
88            android:configChanges="orientation|keyboardHidden|keyboard|screenSize|smallestScreenSize|locale|layoutDirection|fontScale|screenLayout|density|uiMode"
88-->src\main\AndroidManifest.xml:19:13-163
89            android:exported="true"
89-->src\main\AndroidManifest.xml:16:13-36
90            android:hardwareAccelerated="true"
90-->src\main\AndroidManifest.xml:20:13-47
91            android:launchMode="singleTop"
91-->src\main\AndroidManifest.xml:17:13-43
92            android:theme="@style/LaunchTheme"
92-->src\main\AndroidManifest.xml:18:13-47
93            android:windowSoftInputMode="adjustResize" >
93-->src\main\AndroidManifest.xml:21:13-55
94
95            <!--
96                 Specifies an Android theme to apply to this Activity as soon as
97                 the Android process has started. This theme is visible to the user
98                 while the Flutter UI initializes. After that, this theme continues
99                 to determine the Window background behind the Flutter UI.
100            -->
101            <meta-data
101-->src\main\AndroidManifest.xml:26:13-29:19
102                android:name="io.flutter.embedding.android.NormalTheme"
102-->src\main\AndroidManifest.xml:27:17-72
103                android:resource="@style/NormalTheme" />
103-->src\main\AndroidManifest.xml:28:17-54
104
105            <intent-filter>
105-->src\main\AndroidManifest.xml:31:13-34:29
106                <action android:name="android.intent.action.MAIN" />
106-->src\main\AndroidManifest.xml:32:17-68
106-->src\main\AndroidManifest.xml:32:25-66
107
108                <category android:name="android.intent.category.LAUNCHER" />
108-->src\main\AndroidManifest.xml:33:17-76
108-->src\main\AndroidManifest.xml:33:27-74
109            </intent-filter>
110        </activity>
111
112        <!--
113             Don't delete the meta-data below.
114             This is used by the Flutter tool to generate GeneratedPluginRegistrant.java
115        -->
116        <meta-data
116-->src\main\AndroidManifest.xml:39:9-41:33
117            android:name="flutterEmbedding"
117-->src\main\AndroidManifest.xml:40:13-44
118            android:value="2" />
118-->src\main\AndroidManifest.xml:41:13-30
119
120        <service
120-->[:firebase_messaging] AndroidManifest.xml:16:9-19:72
121            android:name="io.flutter.plugins.firebase.messaging.FlutterFirebaseMessagingBackgroundService"
121-->[:firebase_messaging] AndroidManifest.xml:17:13-107
122            android:exported="false"
122-->[:firebase_messaging] AndroidManifest.xml:18:13-37
123            android:permission="android.permission.BIND_JOB_SERVICE" />
123-->[:firebase_messaging] AndroidManifest.xml:19:13-69
124        <service
124-->[:firebase_messaging] AndroidManifest.xml:20:9-26:19
125            android:name="io.flutter.plugins.firebase.messaging.FlutterFirebaseMessagingService"
125-->[:firebase_messaging] AndroidManifest.xml:21:13-97
126            android:exported="false" >
126-->[:firebase_messaging] AndroidManifest.xml:22:13-37
127            <intent-filter>
127-->[:firebase_messaging] AndroidManifest.xml:23:13-25:29
128                <action android:name="com.google.firebase.MESSAGING_EVENT" />
128-->[:firebase_messaging] AndroidManifest.xml:24:17-78
128-->[:firebase_messaging] AndroidManifest.xml:24:25-75
129            </intent-filter>
130        </service>
131
132        <receiver
132-->[:firebase_messaging] AndroidManifest.xml:28:9-35:20
133            android:name="io.flutter.plugins.firebase.messaging.FlutterFirebaseMessagingReceiver"
133-->[:firebase_messaging] AndroidManifest.xml:29:13-98
134            android:exported="true"
134-->[:firebase_messaging] AndroidManifest.xml:30:13-36
135            android:permission="com.google.android.c2dm.permission.SEND" >
135-->[:firebase_messaging] AndroidManifest.xml:31:13-73
136            <intent-filter>
136-->[:firebase_messaging] AndroidManifest.xml:32:13-34:29
137                <action android:name="com.google.android.c2dm.intent.RECEIVE" />
137-->[:firebase_messaging] AndroidManifest.xml:33:17-81
137-->[:firebase_messaging] AndroidManifest.xml:33:25-78
138            </intent-filter>
139        </receiver>
140
141        <service
141-->[:firebase_messaging] AndroidManifest.xml:37:9-41:19
142            android:name="com.google.firebase.components.ComponentDiscoveryService"
142-->[:firebase_messaging] AndroidManifest.xml:37:18-89
143            android:directBootAware="true"
143-->[com.google.firebase:firebase-common:20.4.2] AndroidManifest.xml:32:13-43
144            android:exported="false" >
144-->[com.google.firebase:firebase-auth:22.3.1] AndroidManifest.xml:68:13-37
145            <meta-data
145-->[:firebase_messaging] AndroidManifest.xml:38:13-40:85
146                android:name="com.google.firebase.components:io.flutter.plugins.firebase.messaging.FlutterFirebaseAppRegistrar"
146-->[:firebase_messaging] AndroidManifest.xml:39:17-128
147                android:value="com.google.firebase.components.ComponentRegistrar" />
147-->[:firebase_messaging] AndroidManifest.xml:40:17-82
148            <meta-data
148-->[:cloud_firestore] AndroidManifest.xml:11:13-13:85
149                android:name="com.google.firebase.components:io.flutter.plugins.firebase.firestore.FlutterFirebaseFirestoreRegistrar"
149-->[:cloud_firestore] AndroidManifest.xml:12:17-134
150                android:value="com.google.firebase.components.ComponentRegistrar" />
150-->[:cloud_firestore] AndroidManifest.xml:13:17-82
151            <meta-data
151-->[:firebase_auth] AndroidManifest.xml:11:13-13:85
152                android:name="com.google.firebase.components:io.flutter.plugins.firebase.auth.FlutterFirebaseAuthRegistrar"
152-->[:firebase_auth] AndroidManifest.xml:12:17-124
153                android:value="com.google.firebase.components.ComponentRegistrar" />
153-->[:firebase_auth] AndroidManifest.xml:13:17-82
154            <meta-data
154-->[:firebase_core] AndroidManifest.xml:11:13-13:85
155                android:name="com.google.firebase.components:io.flutter.plugins.firebase.core.FlutterFirebaseCoreRegistrar"
155-->[:firebase_core] AndroidManifest.xml:12:17-124
156                android:value="com.google.firebase.components.ComponentRegistrar" />
156-->[:firebase_core] AndroidManifest.xml:13:17-82
157            <meta-data
157-->[com.google.firebase:firebase-auth:22.3.1] AndroidManifest.xml:69:13-71:85
158                android:name="com.google.firebase.components:com.google.firebase.auth.FirebaseAuthRegistrar"
158-->[com.google.firebase:firebase-auth:22.3.1] AndroidManifest.xml:70:17-109
159                android:value="com.google.firebase.components.ComponentRegistrar" />
159-->[com.google.firebase:firebase-auth:22.3.1] AndroidManifest.xml:71:17-82
160            <meta-data
160-->[com.google.firebase:firebase-firestore:24.10.3] AndroidManifest.xml:17:13-19:85
161                android:name="com.google.firebase.components:com.google.firebase.firestore.FirebaseFirestoreKtxRegistrar"
161-->[com.google.firebase:firebase-firestore:24.10.3] AndroidManifest.xml:18:17-122
162                android:value="com.google.firebase.components.ComponentRegistrar" />
162-->[com.google.firebase:firebase-firestore:24.10.3] AndroidManifest.xml:19:17-82
163            <meta-data
163-->[com.google.firebase:firebase-firestore:24.10.3] AndroidManifest.xml:20:13-22:85
164                android:name="com.google.firebase.components:com.google.firebase.firestore.FirestoreRegistrar"
164-->[com.google.firebase:firebase-firestore:24.10.3] AndroidManifest.xml:21:17-111
165                android:value="com.google.firebase.components.ComponentRegistrar" />
165-->[com.google.firebase:firebase-firestore:24.10.3] AndroidManifest.xml:22:17-82
166            <meta-data
166-->[com.google.firebase:firebase-messaging:23.4.1] AndroidManifest.xml:57:13-59:85
167                android:name="com.google.firebase.components:com.google.firebase.messaging.FirebaseMessagingKtxRegistrar"
167-->[com.google.firebase:firebase-messaging:23.4.1] AndroidManifest.xml:58:17-122
168                android:value="com.google.firebase.components.ComponentRegistrar" />
168-->[com.google.firebase:firebase-messaging:23.4.1] AndroidManifest.xml:59:17-82
169            <meta-data
169-->[com.google.firebase:firebase-messaging:23.4.1] AndroidManifest.xml:60:13-62:85
170                android:name="com.google.firebase.components:com.google.firebase.messaging.FirebaseMessagingRegistrar"
170-->[com.google.firebase:firebase-messaging:23.4.1] AndroidManifest.xml:61:17-119
171                android:value="com.google.firebase.components.ComponentRegistrar" />
171-->[com.google.firebase:firebase-messaging:23.4.1] AndroidManifest.xml:62:17-82
172            <meta-data
172-->[com.google.firebase:firebase-iid:21.1.0] AndroidManifest.xml:32:13-34:85
173                android:name="com.google.firebase.components:com.google.firebase.iid.Registrar"
173-->[com.google.firebase:firebase-iid:21.1.0] AndroidManifest.xml:33:17-96
174                android:value="com.google.firebase.components.ComponentRegistrar" />
174-->[com.google.firebase:firebase-iid:21.1.0] AndroidManifest.xml:34:17-82
175            <meta-data
175-->[com.google.firebase:firebase-installations:17.2.0] AndroidManifest.xml:15:13-17:85
176                android:name="com.google.firebase.components:com.google.firebase.installations.FirebaseInstallationsKtxRegistrar"
176-->[com.google.firebase:firebase-installations:17.2.0] AndroidManifest.xml:16:17-130
177                android:value="com.google.firebase.components.ComponentRegistrar" />
177-->[com.google.firebase:firebase-installations:17.2.0] AndroidManifest.xml:17:17-82
178            <meta-data
178-->[com.google.firebase:firebase-installations:17.2.0] AndroidManifest.xml:18:13-20:85
179                android:name="com.google.firebase.components:com.google.firebase.installations.FirebaseInstallationsRegistrar"
179-->[com.google.firebase:firebase-installations:17.2.0] AndroidManifest.xml:19:17-127
180                android:value="com.google.firebase.components.ComponentRegistrar" />
180-->[com.google.firebase:firebase-installations:17.2.0] AndroidManifest.xml:20:17-82
181            <meta-data
181-->[com.google.firebase:firebase-common-ktx:20.4.2] AndroidManifest.xml:12:13-14:85
182                android:name="com.google.firebase.components:com.google.firebase.ktx.FirebaseCommonLegacyRegistrar"
182-->[com.google.firebase:firebase-common-ktx:20.4.2] AndroidManifest.xml:13:17-116
183                android:value="com.google.firebase.components.ComponentRegistrar" />
183-->[com.google.firebase:firebase-common-ktx:20.4.2] AndroidManifest.xml:14:17-82
184            <meta-data
184-->[com.google.firebase:firebase-common:20.4.2] AndroidManifest.xml:35:13-37:85
185                android:name="com.google.firebase.components:com.google.firebase.FirebaseCommonKtxRegistrar"
185-->[com.google.firebase:firebase-common:20.4.2] AndroidManifest.xml:36:17-109
186                android:value="com.google.firebase.components.ComponentRegistrar" />
186-->[com.google.firebase:firebase-common:20.4.2] AndroidManifest.xml:37:17-82
187            <meta-data
187-->[com.google.firebase:firebase-datatransport:18.1.7] AndroidManifest.xml:27:13-29:85
188                android:name="com.google.firebase.components:com.google.firebase.datatransport.TransportRegistrar"
188-->[com.google.firebase:firebase-datatransport:18.1.7] AndroidManifest.xml:28:17-115
189                android:value="com.google.firebase.components.ComponentRegistrar" />
189-->[com.google.firebase:firebase-datatransport:18.1.7] AndroidManifest.xml:29:17-82
190        </service>
191
192        <provider
192-->[:firebase_messaging] AndroidManifest.xml:43:9-47:38
193            android:name="io.flutter.plugins.firebase.messaging.FlutterFirebaseMessagingInitProvider"
193-->[:firebase_messaging] AndroidManifest.xml:44:13-102
194            android:authorities="com.producer.suezproduction.flutterfirebasemessaginginitprovider"
194-->[:firebase_messaging] AndroidManifest.xml:45:13-88
195            android:exported="false"
195-->[:firebase_messaging] AndroidManifest.xml:46:13-37
196            android:initOrder="99" />
196-->[:firebase_messaging] AndroidManifest.xml:47:13-35
197
198        <service
198-->[:geolocator_android] AndroidManifest.xml:10:9-14:56
199            android:name="com.baseflow.geolocator.GeolocatorLocationService"
199-->[:geolocator_android] AndroidManifest.xml:11:13-77
200            android:enabled="true"
200-->[:geolocator_android] AndroidManifest.xml:12:13-35
201            android:exported="false"
201-->[:geolocator_android] AndroidManifest.xml:13:13-37
202            android:foregroundServiceType="location" />
202-->[:geolocator_android] AndroidManifest.xml:14:13-53
203
204        <activity
204-->[:flutter_inappwebview] AndroidManifest.xml:16:9-20:47
205            android:name="com.pichillilorenzo.flutter_inappwebview.in_app_browser.InAppBrowserActivity"
205-->[:flutter_inappwebview] AndroidManifest.xml:17:13-104
206            android:configChanges="orientation|keyboardHidden|keyboard|screenSize|locale|layoutDirection|fontScale|screenLayout|density"
206-->[:flutter_inappwebview] AndroidManifest.xml:18:13-137
207            android:exported="false"
207-->[:flutter_inappwebview] AndroidManifest.xml:19:13-37
208            android:theme="@style/AppTheme" />
208-->[:flutter_inappwebview] AndroidManifest.xml:20:13-44
209        <activity
209-->[:flutter_inappwebview] AndroidManifest.xml:21:9-24:55
210            android:name="com.pichillilorenzo.flutter_inappwebview.chrome_custom_tabs.ChromeCustomTabsActivity"
210-->[:flutter_inappwebview] AndroidManifest.xml:22:13-112
211            android:exported="false"
211-->[:flutter_inappwebview] AndroidManifest.xml:23:13-37
212            android:theme="@style/ThemeTransparent" />
212-->[:flutter_inappwebview] AndroidManifest.xml:24:13-52
213        <activity
213-->[:flutter_inappwebview] AndroidManifest.xml:25:9-28:55
214            android:name="com.pichillilorenzo.flutter_inappwebview.chrome_custom_tabs.TrustedWebActivity"
214-->[:flutter_inappwebview] AndroidManifest.xml:26:13-106
215            android:exported="false"
215-->[:flutter_inappwebview] AndroidManifest.xml:27:13-37
216            android:theme="@style/ThemeTransparent" />
216-->[:flutter_inappwebview] AndroidManifest.xml:28:13-52
217        <activity
217-->[:flutter_inappwebview] AndroidManifest.xml:29:9-33:55
218            android:name="com.pichillilorenzo.flutter_inappwebview.chrome_custom_tabs.ChromeCustomTabsActivitySingleInstance"
218-->[:flutter_inappwebview] AndroidManifest.xml:30:13-126
219            android:exported="false"
219-->[:flutter_inappwebview] AndroidManifest.xml:31:13-37
220            android:launchMode="singleInstance"
220-->[:flutter_inappwebview] AndroidManifest.xml:32:13-48
221            android:theme="@style/ThemeTransparent" />
221-->[:flutter_inappwebview] AndroidManifest.xml:33:13-52
222        <activity
222-->[:flutter_inappwebview] AndroidManifest.xml:34:9-38:55
223            android:name="com.pichillilorenzo.flutter_inappwebview.chrome_custom_tabs.TrustedWebActivitySingleInstance"
223-->[:flutter_inappwebview] AndroidManifest.xml:35:13-120
224            android:exported="false"
224-->[:flutter_inappwebview] AndroidManifest.xml:36:13-37
225            android:launchMode="singleInstance"
225-->[:flutter_inappwebview] AndroidManifest.xml:37:13-48
226            android:theme="@style/ThemeTransparent" />
226-->[:flutter_inappwebview] AndroidManifest.xml:38:13-52
227
228        <receiver
228-->[:flutter_inappwebview] AndroidManifest.xml:40:9-43:40
229            android:name="com.pichillilorenzo.flutter_inappwebview.chrome_custom_tabs.ActionBroadcastReceiver"
229-->[:flutter_inappwebview] AndroidManifest.xml:41:13-111
230            android:enabled="true"
230-->[:flutter_inappwebview] AndroidManifest.xml:42:13-35
231            android:exported="false" />
231-->[:flutter_inappwebview] AndroidManifest.xml:43:13-37
232
233        <meta-data
233-->[:flutter_inappwebview] AndroidManifest.xml:45:9-47:36
234            android:name="io.flutter.embedded_views_preview"
234-->[:flutter_inappwebview] AndroidManifest.xml:46:13-61
235            android:value="true" />
235-->[:flutter_inappwebview] AndroidManifest.xml:47:13-33
236
237        <provider
237-->[:image_picker_android] AndroidManifest.xml:10:9-18:20
238            android:name="io.flutter.plugins.imagepicker.ImagePickerFileProvider"
238-->[:image_picker_android] AndroidManifest.xml:11:13-82
239            android:authorities="com.producer.suezproduction.flutter.image_provider"
239-->[:image_picker_android] AndroidManifest.xml:12:13-74
240            android:exported="false"
240-->[:image_picker_android] AndroidManifest.xml:13:13-37
241            android:grantUriPermissions="true" >
241-->[:image_picker_android] AndroidManifest.xml:14:13-47
242            <meta-data
242-->[:image_picker_android] AndroidManifest.xml:15:13-17:75
243                android:name="android.support.FILE_PROVIDER_PATHS"
243-->[:image_picker_android] AndroidManifest.xml:16:17-67
244                android:resource="@xml/flutter_image_picker_file_paths" />
244-->[:image_picker_android] AndroidManifest.xml:17:17-72
245        </provider>
246
247        <activity
247-->[:url_launcher_android] AndroidManifest.xml:10:9-13:74
248            android:name="io.flutter.plugins.urllauncher.WebViewActivity"
248-->[:url_launcher_android] AndroidManifest.xml:11:13-74
249            android:exported="false"
249-->[:url_launcher_android] AndroidManifest.xml:12:13-37
250            android:theme="@android:style/Theme.NoTitleBar.Fullscreen" />
250-->[:url_launcher_android] AndroidManifest.xml:13:13-71
251        <activity
251-->[com.google.firebase:firebase-auth:22.3.1] AndroidManifest.xml:29:9-46:20
252            android:name="com.google.firebase.auth.internal.GenericIdpActivity"
252-->[com.google.firebase:firebase-auth:22.3.1] AndroidManifest.xml:30:13-80
253            android:excludeFromRecents="true"
253-->[com.google.firebase:firebase-auth:22.3.1] AndroidManifest.xml:31:13-46
254            android:exported="true"
254-->[com.google.firebase:firebase-auth:22.3.1] AndroidManifest.xml:32:13-36
255            android:launchMode="singleTask"
255-->[com.google.firebase:firebase-auth:22.3.1] AndroidManifest.xml:33:13-44
256            android:theme="@android:style/Theme.Translucent.NoTitleBar" >
256-->[com.google.firebase:firebase-auth:22.3.1] AndroidManifest.xml:34:13-72
257            <intent-filter>
257-->[com.google.firebase:firebase-auth:22.3.1] AndroidManifest.xml:35:13-45:29
258                <action android:name="android.intent.action.VIEW" />
258-->[com.google.firebase:firebase-auth:22.3.1] AndroidManifest.xml:36:17-69
258-->[com.google.firebase:firebase-auth:22.3.1] AndroidManifest.xml:36:25-66
259
260                <category android:name="android.intent.category.DEFAULT" />
260-->[com.google.firebase:firebase-auth:22.3.1] AndroidManifest.xml:38:17-76
260-->[com.google.firebase:firebase-auth:22.3.1] AndroidManifest.xml:38:27-73
261                <category android:name="android.intent.category.BROWSABLE" />
261-->[com.google.firebase:firebase-auth:22.3.1] AndroidManifest.xml:39:17-78
261-->[com.google.firebase:firebase-auth:22.3.1] AndroidManifest.xml:39:27-75
262
263                <data
263-->[:file_picker] AndroidManifest.xml:15:13-44
264                    android:host="firebase.auth"
265                    android:path="/"
266                    android:scheme="genericidp" />
267            </intent-filter>
268        </activity>
269        <activity
269-->[com.google.firebase:firebase-auth:22.3.1] AndroidManifest.xml:47:9-64:20
270            android:name="com.google.firebase.auth.internal.RecaptchaActivity"
270-->[com.google.firebase:firebase-auth:22.3.1] AndroidManifest.xml:48:13-79
271            android:excludeFromRecents="true"
271-->[com.google.firebase:firebase-auth:22.3.1] AndroidManifest.xml:49:13-46
272            android:exported="true"
272-->[com.google.firebase:firebase-auth:22.3.1] AndroidManifest.xml:50:13-36
273            android:launchMode="singleTask"
273-->[com.google.firebase:firebase-auth:22.3.1] AndroidManifest.xml:51:13-44
274            android:theme="@android:style/Theme.Translucent.NoTitleBar" >
274-->[com.google.firebase:firebase-auth:22.3.1] AndroidManifest.xml:52:13-72
275            <intent-filter>
275-->[com.google.firebase:firebase-auth:22.3.1] AndroidManifest.xml:53:13-63:29
276                <action android:name="android.intent.action.VIEW" />
276-->[com.google.firebase:firebase-auth:22.3.1] AndroidManifest.xml:36:17-69
276-->[com.google.firebase:firebase-auth:22.3.1] AndroidManifest.xml:36:25-66
277